bin\ofxKinectExample_debug.ilk
D:\OpenFrameworks projects\of_preRelease_v007_vs2010\apps\kinectRaig\kinectTuio3D\obj\Debug\cl.command.1.tlog
D:\OpenFrameworks projects\of_preRelease_v007_vs2010\apps\kinectRaig\kinectTuio3D\obj\Debug\CL.read.1.tlog
D:\OpenFrameworks projects\of_preRelease_v007_vs2010\apps\kinectRaig\kinectTuio3D\obj\Debug\CL.write.1.tlog
D:\OpenFrameworks projects\of_preRelease_v007_vs2010\apps\kinectRaig\kinectTuio3D\obj\Debug\link.2328.read.1.tlog
D:\OpenFrameworks projects\of_preRelease_v007_vs2010\apps\kinectRaig\kinectTuio3D\obj\Debug\link.2328.write.1.tlog
D:\OpenFrameworks projects\of_preRelease_v007_vs2010\apps\kinectRaig\kinectTuio3D\obj\Debug\link.2328-cvtres.read.1.tlog
D:\OpenFrameworks projects\of_preRelease_v007_vs2010\apps\kinectRaig\kinectTuio3D\obj\Debug\link.2328-cvtres.write.1.tlog
D:\OpenFrameworks projects\of_preRelease_v007_vs2010\apps\kinectRaig\kinectTuio3D\obj\Debug\link.2332.read.1.tlog
D:\OpenFrameworks projects\of_preRelease_v007_vs2010\apps\kinectRaig\kinectTuio3D\obj\Debug\link.2332.write.1.tlog
D:\OpenFrameworks projects\of_preRelease_v007_vs2010\apps\kinectRaig\kinectTuio3D\obj\Debug\link.2716.read.1.tlog
D:\OpenFrameworks projects\of_preRelease_v007_vs2010\apps\kinectRaig\kinectTuio3D\obj\Debug\link.2716.write.1.tlog
D:\OpenFrameworks projects\of_preRelease_v007_vs2010\apps\kinectRaig\kinectTuio3D\obj\Debug\link.command.1.tlog
D:\OpenFrameworks projects\of_preRelease_v007_vs2010\apps\kinectRaig\kinectTuio3D\obj\Debug\link.read.1.tlog
D:\OpenFrameworks projects\of_preRelease_v007_vs2010\apps\kinectRaig\kinectTuio3D\obj\Debug\link.write.1.tlog
D:\OpenFrameworks projects\of_preRelease_v007_vs2010\apps\kinectRaig\kinectTuio3D\obj\Debug\link-cvtres.read.1.tlog
D:\OpenFrameworks projects\of_preRelease_v007_vs2010\apps\kinectRaig\kinectTuio3D\obj\Debug\link-cvtres.write.1.tlog
D:\OPENFRAMEWORKS PROJECTS\OF_PRERELEASE_V007_VS2010\APPS\KINECTRAIG\KINECTTUIO3D\OBJ\DEBUG\MAIN.OBJ
D:\OPENFRAMEWORKS PROJECTS\OF_PRERELEASE_V007_VS2010\APPS\KINECTRAIG\KINECTTUIO3D\OBJ\DEBUG\OFXCVBLOBTRACKER.OBJ
D:\OPENFRAMEWORKS PROJECTS\OF_PRERELEASE_V007_VS2010\APPS\KINECTRAIG\KINECTTUIO3D\OBJ\DEBUG\OFXCVCOLORIMAGE.OBJ
D:\OPENFRAMEWORKS PROJECTS\OF_PRERELEASE_V007_VS2010\APPS\KINECTRAIG\KINECTTUIO3D\OBJ\DEBUG\OFXCVCONTOURFINDER.OBJ
D:\OPENFRAMEWORKS PROJECTS\OF_PRERELEASE_V007_VS2010\APPS\KINECTRAIG\KINECTTUIO3D\OBJ\DEBUG\OFXCVFLOATIMAGE.OBJ
D:\OPENFRAMEWORKS PROJECTS\OF_PRERELEASE_V007_VS2010\APPS\KINECTRAIG\KINECTTUIO3D\OBJ\DEBUG\OFXCVGRAYSCALEIMAGE.OBJ
D:\OPENFRAMEWORKS PROJECTS\OF_PRERELEASE_V007_VS2010\APPS\KINECTRAIG\KINECTTUIO3D\OBJ\DEBUG\OFXCVIMAGE.OBJ
D:\OPENFRAMEWORKS PROJECTS\OF_PRERELEASE_V007_VS2010\APPS\KINECTRAIG\KINECTTUIO3D\OBJ\DEBUG\OFXCVKALMAN.OBJ
D:\OPENFRAMEWORKS PROJECTS\OF_PRERELEASE_V007_VS2010\APPS\KINECTRAIG\KINECTTUIO3D\OBJ\DEBUG\OFXCVSHORTIMAGE.OBJ
D:\OPENFRAMEWORKS PROJECTS\OF_PRERELEASE_V007_VS2010\APPS\KINECTRAIG\KINECTTUIO3D\OBJ\DEBUG\OFXKINECT.OBJ
D:\OPENFRAMEWORKS PROJECTS\OF_PRERELEASE_V007_VS2010\APPS\KINECTRAIG\KINECTTUIO3D\OBJ\DEBUG\OFXKINECTCALIBRATION.OBJ
D:\OpenFrameworks projects\of_preRelease_v007_vs2010\apps\kinectRaig\kinectTuio3D\obj\Debug\ofxKinectExample.write.1.tlog
D:\OpenFrameworks projects\of_preRelease_v007_vs2010\apps\kinectRaig\kinectTuio3D\obj\Debug\ofxKinectExample_debug.exe.embed.manifest
D:\OPENFRAMEWORKS PROJECTS\OF_PRERELEASE_V007_VS2010\APPS\KINECTRAIG\KINECTTUIO3D\OBJ\DEBUG\OFXKINECTEXAMPLE_DEBUG.EXE.EMBED.MANIFEST.RES
D:\OpenFrameworks projects\of_preRelease_v007_vs2010\apps\kinectRaig\kinectTuio3D\obj\Debug\ofxKinectExample_debug.exe.intermediate.manifest
D:\OpenFrameworks projects\of_preRelease_v007_vs2010\apps\kinectRaig\kinectTuio3D\obj\Debug\ofxKinectExample_debug_manifest.rc
D:\OPENFRAMEWORKS PROJECTS\OF_PRERELEASE_V007_VS2010\APPS\KINECTRAIG\KINECTTUIO3D\OBJ\DEBUG\OFXKINECTPLAYER.OBJ
D:\OPENFRAMEWORKS PROJECTS\OF_PRERELEASE_V007_VS2010\APPS\KINECTRAIG\KINECTTUIO3D\OBJ\DEBUG\OFXKINECTRECORDER.OBJ
D:\OPENFRAMEWORKS PROJECTS\OF_PRERELEASE_V007_VS2010\APPS\KINECTRAIG\KINECTTUIO3D\OBJ\DEBUG\OFXMSAINTERACTIVEOBJECT.OBJ
D:\OPENFRAMEWORKS PROJECTS\OF_PRERELEASE_V007_VS2010\APPS\KINECTRAIG\KINECTTUIO3D\OBJ\DEBUG\OFXSIMPLEGUIBUTTON.OBJ
D:\OPENFRAMEWORKS PROJECTS\OF_PRERELEASE_V007_VS2010\APPS\KINECTRAIG\KINECTTUIO3D\OBJ\DEBUG\OFXSIMPLEGUICOLORPICKER.OBJ
D:\OPENFRAMEWORKS PROJECTS\OF_PRERELEASE_V007_VS2010\APPS\KINECTRAIG\KINECTTUIO3D\OBJ\DEBUG\OFXSIMPLEGUICOMBOBOX.OBJ
D:\OPENFRAMEWORKS PROJECTS\OF_PRERELEASE_V007_VS2010\APPS\KINECTRAIG\KINECTTUIO3D\OBJ\DEBUG\OFXSIMPLEGUICONFIG.OBJ
D:\OPENFRAMEWORKS PROJECTS\OF_PRERELEASE_V007_VS2010\APPS\KINECTRAIG\KINECTTUIO3D\OBJ\DEBUG\OFXSIMPLEGUICONTENT.OBJ
D:\OPENFRAMEWORKS PROJECTS\OF_PRERELEASE_V007_VS2010\APPS\KINECTRAIG\KINECTTUIO3D\OBJ\DEBUG\OFXSIMPLEGUICONTROL.OBJ
D:\OPENFRAMEWORKS PROJECTS\OF_PRERELEASE_V007_VS2010\APPS\KINECTRAIG\KINECTTUIO3D\OBJ\DEBUG\OFXSIMPLEGUIFPSCOUNTER.OBJ
D:\OPENFRAMEWORKS PROJECTS\OF_PRERELEASE_V007_VS2010\APPS\KINECTRAIG\KINECTTUIO3D\OBJ\DEBUG\OFXSIMPLEGUIMOVIESLIDER.OBJ
D:\OPENFRAMEWORKS PROJECTS\OF_PRERELEASE_V007_VS2010\APPS\KINECTRAIG\KINECTTUIO3D\OBJ\DEBUG\OFXSIMPLEGUIPAGE.OBJ
D:\OPENFRAMEWORKS PROJECTS\OF_PRERELEASE_V007_VS2010\APPS\KINECTRAIG\KINECTTUIO3D\OBJ\DEBUG\OFXSIMPLEGUIQUADWARP.OBJ
D:\OPENFRAMEWORKS PROJECTS\OF_PRERELEASE_V007_VS2010\APPS\KINECTRAIG\KINECTTUIO3D\OBJ\DEBUG\OFXSIMPLEGUISLIDER2D.OBJ
D:\OPENFRAMEWORKS PROJECTS\OF_PRERELEASE_V007_VS2010\APPS\KINECTRAIG\KINECTTUIO3D\OBJ\DEBUG\OFXSIMPLEGUITITLE.OBJ
D:\OPENFRAMEWORKS PROJECTS\OF_PRERELEASE_V007_VS2010\APPS\KINECTRAIG\KINECTTUIO3D\OBJ\DEBUG\OFXSIMPLEGUITOGGLE.OBJ
D:\OPENFRAMEWORKS PROJECTS\OF_PRERELEASE_V007_VS2010\APPS\KINECTRAIG\KINECTTUIO3D\OBJ\DEBUG\OFXSIMPLEGUITOO.OBJ
D:\OPENFRAMEWORKS PROJECTS\OF_PRERELEASE_V007_VS2010\APPS\KINECTRAIG\KINECTTUIO3D\OBJ\DEBUG\OFXSIMPLEGUIVALUECONTROL.OBJ
D:\OPENFRAMEWORKS PROJECTS\OF_PRERELEASE_V007_VS2010\APPS\KINECTRAIG\KINECTTUIO3D\OBJ\DEBUG\OFXTUIOCLIENT.OBJ
D:\OPENFRAMEWORKS PROJECTS\OF_PRERELEASE_V007_VS2010\APPS\KINECTRAIG\KINECTTUIO3D\OBJ\DEBUG\OFXTUIOSERVER.OBJ
D:\OPENFRAMEWORKS PROJECTS\OF_PRERELEASE_V007_VS2010\APPS\KINECTRAIG\KINECTTUIO3D\OBJ\DEBUG\OFXXMLSETTINGS.OBJ
D:\OpenFrameworks projects\of_preRelease_v007_vs2010\apps\kinectRaig\kinectTuio3D\obj\Debug\rc.command.1.tlog
D:\OpenFrameworks projects\of_preRelease_v007_vs2010\apps\kinectRaig\kinectTuio3D\obj\Debug\rc.read.1.tlog
D:\OpenFrameworks projects\of_preRelease_v007_vs2010\apps\kinectRaig\kinectTuio3D\obj\Debug\rc.write.1.tlog
D:\OpenFrameworks projects\of_preRelease_v007_vs2010\apps\kinectRaig\kinectTuio3D\obj\Debug\ResolveAssemblyReference.cache
D:\OPENFRAMEWORKS PROJECTS\OF_PRERELEASE_V007_VS2010\APPS\KINECTRAIG\KINECTTUIO3D\OBJ\DEBUG\TESTAPP.OBJ
D:\OPENFRAMEWORKS PROJECTS\OF_PRERELEASE_V007_VS2010\APPS\KINECTRAIG\KINECTTUIO3D\OBJ\DEBUG\TINYXML.OBJ
D:\OPENFRAMEWORKS PROJECTS\OF_PRERELEASE_V007_VS2010\APPS\KINECTRAIG\KINECTTUIO3D\OBJ\DEBUG\TINYXMLERROR.OBJ
D:\OPENFRAMEWORKS PROJECTS\OF_PRERELEASE_V007_VS2010\APPS\KINECTRAIG\KINECTTUIO3D\OBJ\DEBUG\TINYXMLPARSER.OBJ
D:\OPENFRAMEWORKS PROJECTS\OF_PRERELEASE_V007_VS2010\APPS\KINECTRAIG\KINECTTUIO3D\OBJ\DEBUG\TUIOCLIENT.OBJ
D:\OPENFRAMEWORKS PROJECTS\OF_PRERELEASE_V007_VS2010\APPS\KINECTRAIG\KINECTTUIO3D\OBJ\DEBUG\TUIOSERVER.OBJ
D:\OPENFRAMEWORKS PROJECTS\OF_PRERELEASE_V007_VS2010\APPS\KINECTRAIG\KINECTTUIO3D\OBJ\DEBUG\TUIOTIME.OBJ
D:\OpenFrameworks projects\of_preRelease_v007_vs2010\apps\kinectRaig\kinectTuio3D\obj\Debug\vc100.idb
D:\OPENFRAMEWORKS PROJECTS\OF_PRERELEASE_V007_VS2010\APPS\KINECTRAIG\KINECTTUIO3D\OBJ\DEBUG\VC100.PDB
